app/build/intermediates/manifest_merge_blame_file/debug/manifest-merger-blame-debug-report.txt
1<?xml version="1.0" encoding="utf-8"?>
2<manifest xmlns:android="http://schemas.android.com/apk/res/android"
3    package="com.dicoding.dentalcariesdetection"
4    android:versionCode="1"
5    android:versionName="1.0" >
6
7    <uses-sdk
8        android:minSdkVersion="21"
8-->src\main\AndroidManifest.xml
9        android:targetSdkVersion="30" />
9-->src\main\AndroidManifest.xml
10
11    <uses-feature
11-->src\main\AndroidManifest.xml:5:5-7:35
12        android:name="android.hardware.camera2"
12-->src\main\AndroidManifest.xml:6:9-48
13        android:required="true" />
13-->src\main\AndroidManifest.xml:7:9-32
14
15    <uses-permission android:name="android.permission.WRITE_EXTERNAL_STORAGE" />
15-->src\main\AndroidManifest.xml:9:5-81
15-->src\main\AndroidManifest.xml:9:22-78
16
17    <queries>
17-->[com.github.dhaval2404:imagepicker:2.1] AndroidManifest.xml:9:5-19:15
18
19        <!-- Query Camera Packages -->
20        <intent>
20-->[com.github.dhaval2404:imagepicker:2.1] AndroidManifest.xml:12:9-14:18
21            <action android:name="android.media.action.IMAGE_CAPTURE" />
21-->[com.github.dhaval2404:imagepicker:2.1] AndroidManifest.xml:13:13-73
21-->[com.github.dhaval2404:imagepicker:2.1] AndroidManifest.xml:13:21-70
22        </intent>
23        <!-- Query Open Document -->
24        <intent>
24-->[com.github.dhaval2404:imagepicker:2.1] AndroidManifest.xml:16:9-18:18
25            <action android:name="android.intent.action.OPEN_DOCUMENT_TREE" />
25-->[com.github.dhaval2404:imagepicker:2.1] AndroidManifest.xml:17:13-79
25-->[com.github.dhaval2404:imagepicker:2.1] AndroidManifest.xml:17:21-76
26        </intent>
27    </queries>
28
29    <application
29-->src\main\AndroidManifest.xml:11:5-36:19
30        android:allowBackup="true"
30-->src\main\AndroidManifest.xml:12:9-35
31        android:appComponentFactory="androidx.core.app.CoreComponentFactory"
31-->[androidx.core:core:1.5.0] AndroidManifest.xml:24:18-86
32        android:debuggable="true"
33        android:icon="@mipmap/ic_launcher"
33-->src\main\AndroidManifest.xml:13:9-43
34        android:label="@string/app_name"
34-->src\main\AndroidManifest.xml:14:9-41
35        android:roundIcon="@mipmap/ic_launcher_round"
35-->src\main\AndroidManifest.xml:15:9-54
36        android:supportsRtl="true"
36-->src\main\AndroidManifest.xml:16:9-35
37        android:testOnly="true"
38        android:theme="@style/Theme.DentalCariesDetection" >
38-->src\main\AndroidManifest.xml:17:9-59
39        <activity
39-->src\main\AndroidManifest.xml:18:9-26:20
40            android:name="com.dicoding.dentalcariesdetection.SplashScreenActivity"
40-->src\main\AndroidManifest.xml:19:13-49
41            android:theme="@style/AppTheme.NoActionBar" >
41-->src\main\AndroidManifest.xml:20:13-56
42            <intent-filter>
42-->src\main\AndroidManifest.xml:21:13-25:29
43                <action android:name="android.intent.action.MAIN" />
43-->src\main\AndroidManifest.xml:22:17-69
43-->src\main\AndroidManifest.xml:22:25-66
44
45                <category android:name="android.intent.category.LAUNCHER" />
45-->src\main\AndroidManifest.xml:24:17-77
45-->src\main\AndroidManifest.xml:24:27-74
46            </intent-filter>
47        </activity>
48        <activity
48-->src\main\AndroidManifest.xml:27:9-29:59
49            android:name="com.dicoding.dentalcariesdetection.PictSelection"
49-->src\main\AndroidManifest.xml:28:13-42
50            android:theme="@style/AppTheme.NoActionBar" />
50-->src\main\AndroidManifest.xml:29:13-56
51        <activity
51-->src\main\AndroidManifest.xml:30:9-32:59
52            android:name="com.dicoding.dentalcariesdetection.Tutorial"
52-->src\main\AndroidManifest.xml:31:13-37
53            android:theme="@style/AppTheme.NoActionBar" />
53-->src\main\AndroidManifest.xml:32:13-56
54        <activity
54-->src\main\AndroidManifest.xml:33:9-35:58
55            android:name="com.dicoding.dentalcariesdetection.MainActivity"
55-->src\main\AndroidManifest.xml:34:13-41
56            android:theme="@style/AppTheme.NoActionBar" />
56-->src\main\AndroidManifest.xml:35:13-56
57        <activity
57-->[com.github.dhaval2404:imagepicker:2.1] AndroidManifest.xml:22:9-25:68
58            android:name="com.github.dhaval2404.imagepicker.ImagePickerActivity"
58-->[com.github.dhaval2404:imagepicker:2.1] AndroidManifest.xml:23:13-81
59            android:screenOrientation="unspecified"
59-->[com.github.dhaval2404:imagepicker:2.1] AndroidManifest.xml:24:13-52
60            android:theme="@style/Theme.Transparent.ImagePicker" />
60-->[com.github.dhaval2404:imagepicker:2.1] AndroidManifest.xml:25:13-65
61        <activity
61-->[com.github.dhaval2404:imagepicker:2.1] AndroidManifest.xml:26:9-29:72
62            android:name="com.yalantis.ucrop.UCropActivity"
62-->[com.github.dhaval2404:imagepicker:2.1] AndroidManifest.xml:27:13-60
63            android:screenOrientation="portrait"
63-->[com.github.dhaval2404:imagepicker:2.1] AndroidManifest.xml:28:13-49
64            android:theme="@style/Theme.AppCompat.Light.NoActionBar" />
64-->[com.github.dhaval2404:imagepicker:2.1] AndroidManifest.xml:29:13-69
65
66        <provider
66-->[com.github.dhaval2404:imagepicker:2.1] AndroidManifest.xml:31:9-39:20
67            android:name="com.github.dhaval2404.imagepicker.ImagePickerFileProvider"
67-->[com.github.dhaval2404:imagepicker:2.1] AndroidManifest.xml:32:13-85
68            android:authorities="com.dicoding.dentalcariesdetection.imagepicker.provider"
68-->[com.github.dhaval2404:imagepicker:2.1] AndroidManifest.xml:33:13-72
69            android:exported="false"
69-->[com.github.dhaval2404:imagepicker:2.1] AndroidManifest.xml:34:13-37
70            android:grantUriPermissions="true" >
70-->[com.github.dhaval2404:imagepicker:2.1] AndroidManifest.xml:35:13-47
71            <meta-data
71-->[com.github.dhaval2404:imagepicker:2.1] AndroidManifest.xml:36:13-38:71
72                android:name="android.support.FILE_PROVIDER_PATHS"
72-->[com.github.dhaval2404:imagepicker:2.1] AndroidManifest.xml:37:17-67
73                android:resource="@xml/image_picker_provider_paths" />
73-->[com.github.dhaval2404:imagepicker:2.1] AndroidManifest.xml:38:17-68
74        </provider>
75    </application>
76
77</manifest>